<?xml version="1.0" encoding="utf-8" ?>
<!DOCTYPE html PUBLIC "-//W3C//DTD XHTML 1.0 Strict//EN"
        "http://www.w3.org/TR/xhtml1/DTD/xhtml1-strict.dtd">
<html xmlns="http://www.w3.org/1999/xhtml" xml:lang="" lang="">
<head>
  <title>Test Results Report - Login Test</title>
  <meta http-equiv="Content-Type" content="text/html;charset=utf-8" />
  <meta name="description" content="TestNG unit test results." />
  <link href="reportng.css" rel="stylesheet" type="text/css" />
    <script type="text/javascript" src="reportng.js"></script>
</head>
<body>
<h1>Login Test</h1>
<p>
  Test duration: 123.844s
</p>



  <table class="resultsTable">
    <tr><th colspan="3" class="header failed">Failed Tests</th></tr>
          <tr>
        <td colspan="3" class="group">com.nopcommerce.demo.testsuite.LoginPageTest</td>
      </tr>
            
<tr>
  <td class="method">
                  verifyThatUserShouldLogInSuccessFullyWithValidCredentials
      </td>
  <td class="duration">
    61.936s
  </td>
  <td class="result">
        
          <i>Method arguments: </i><span class="arguments">"prime12@gmail.com", "prime123"</span><br />
    
            <div class="testOutput">
                        Click on loginButton [[ChromeDriver: chrome on windows (8de8b7c17c13a2789236a5185782d8a6)] -&gt; xpath: //a[normalize-space()=&apos;Log in&apos;]]<br />
                                Enter EmailId prime12@gmail.com<br />
                                Enter Password prime123<br />
                                Click on login [[ChromeDriver: chrome on windows (8de8b7c17c13a2789236a5185782d8a6)] -&gt; xpath: //button[contains(text(),&apos;Log in&apos;)]]<br />
                                Get logout link text Proxy element for: DefaultElementLocator &apos;By.xpath: //a[normalize-space()=&apos;Log out&apos;]&apos;<br />
                  </div>
    

        <a href="javascript:toggleElement('exception-0', 'block')" title="Click to expand/collapse"><b>org.openqa.selenium.NoSuchElementException: no such element: Unable to locate element: {&quot;method&quot;:&quot;xpath&quot;,&quot;selector&quot;:&quot;//a[normalize-space()=&apos;Log out&apos;]&quot;}<br/>
&nbsp; (Session info: chrome=125.0.6422.142)<br/>
For documentation on this error, please visit: https://www.selenium.dev/documentation/webdriver/troubleshooting/errors#no-such-element-exception<br/>
Build info: version: &apos;4.21.0&apos;, revision: &apos;79ed462ef4&apos;<br/>
System info: os.name: &apos;Windows 11&apos;, os.arch: &apos;amd64&apos;, os.version: &apos;10.0&apos;, java.version: &apos;17.0.8&apos;<br/>
Driver info: org.openqa.selenium.chrome.ChromeDriver<br/>
Command: [8de8b7c17c13a2789236a5185782d8a6, findElement {using=xpath, value=//a[normalize-space()=&apos;Log out&apos;]}]<br/>
Capabilities {acceptInsecureCerts: false, browserName: chrome, browserVersion: 125.0.6422.142, chrome: {chromedriverVersion: 125.0.6422.141 (4b1e8393712..., userDataDir: C:\Users\visha\AppData\Loca...}, fedcm:accounts: true, goog:chromeOptions: {debuggerAddress: localhost:63680}, networkConnectionEnabled: false, pageLoadStrategy: normal, platformName: windows, proxy: Proxy(), se:cdp: ws://localhost:63680/devtoo..., se:cdpVersion: 125.0.6422.142, setWindowRect: true, strictFileInteractability: false, timeouts: {implicit: 0, pageLoad: 300000, script: 30000}, unhandledPromptBehavior: dismiss and notify, webauthn:extension:credBlob: true, webauthn:extension:largeBlob: true, webauthn:extension:minPinLength: true, webauthn:extension:prf: true, webauthn:virtualAuthenticators: true}<br/>
Session ID: 8de8b7c17c13a2789236a5185782d8a6</b></a><br />
    <div class="stackTrace" id="exception-0">
              java.base/jdk.internal.reflect.NativeConstructorAccessorImpl.newInstance0(Native Method)<br />
              java.base/jdk.internal.reflect.NativeConstructorAccessorImpl.newInstance(NativeConstructorAccessorImpl.java:77)<br />
              java.base/jdk.internal.reflect.DelegatingConstructorAccessorImpl.newInstance(DelegatingConstructorAccessorImpl.java:45)<br />
              java.base/java.lang.reflect.Constructor.newInstanceWithCaller(Constructor.java:499)<br />
              java.base/java.lang.reflect.Constructor.newInstance(Constructor.java:480)<br />
              org.openqa.selenium.remote.ErrorCodec.decode(ErrorCodec.java:167)<br />
              org.openqa.selenium.remote.codec.w3c.W3CHttpResponseCodec.decode(W3CHttpResponseCodec.java:138)<br />
              org.openqa.selenium.remote.codec.w3c.W3CHttpResponseCodec.decode(W3CHttpResponseCodec.java:50)<br />
              org.openqa.selenium.remote.HttpCommandExecutor.execute(HttpCommandExecutor.java:190)<br />
              org.openqa.selenium.remote.service.DriverCommandExecutor.invokeExecute(DriverCommandExecutor.java:216)<br />
              org.openqa.selenium.remote.service.DriverCommandExecutor.execute(DriverCommandExecutor.java:174)<br />
              org.openqa.selenium.remote.RemoteWebDriver.execute(RemoteWebDriver.java:518)<br />
              org.openqa.selenium.remote.ElementLocation$ElementFinder$2.findElement(ElementLocation.java:165)<br />
              org.openqa.selenium.remote.ElementLocation.findElement(ElementLocation.java:59)<br />
              org.openqa.selenium.remote.RemoteWebDriver.findElement(RemoteWebDriver.java:355)<br />
              org.openqa.selenium.remote.RemoteWebDriver.findElement(RemoteWebDriver.java:349)<br />
              org.openqa.selenium.support.pagefactory.DefaultElementLocator.findElement(DefaultElementLocator.java:68)<br />
              org.openqa.selenium.support.pagefactory.internal.LocatingElementHandler.invoke(LocatingElementHandler.java:38)<br />
              jdk.proxy2/jdk.proxy2.$Proxy14.getText(Unknown Source)<br />
              com.nopcommerce.demo.utility.Utility.getTextFromElement(Utility.java:64)<br />
              com.nopcommerce.demo.pages.HomePage.getLogoutLinkText(HomePage.java:62)<br />
              com.nopcommerce.demo.testsuite.LoginPageTest.verifyThatUserShouldLogInSuccessFullyWithValidCredentials(LoginPageTest.java:68)<br />
              java.base/jdk.internal.reflect.NativeMethodAccessorImpl.invoke0(Native Method)<br />
              java.base/jdk.internal.reflect.NativeMethodAccessorImpl.invoke(NativeMethodAccessorImpl.java:77)<br />
              java.base/jdk.internal.reflect.DelegatingMethodAccessorImpl.invoke(DelegatingMethodAccessorImpl.java:43)<br />
              java.base/java.lang.reflect.Method.invoke(Method.java:568)<br />
              org.testng.internal.invokers.MethodInvocationHelper.invokeMethod(MethodInvocationHelper.java:141)<br />
              org.testng.internal.invokers.TestInvoker.invokeMethod(TestInvoker.java:686)<br />
              org.testng.internal.invokers.TestInvoker.invokeTestMethod(TestInvoker.java:230)<br />
              org.testng.internal.invokers.MethodRunner.runInSequence(MethodRunner.java:63)<br />
              org.testng.internal.invokers.TestInvoker$MethodInvocationAgent.invoke(TestInvoker.java:992)<br />
              org.testng.internal.invokers.TestInvoker.invokeTestMethods(TestInvoker.java:203)<br />
              org.testng.internal.invokers.TestMethodWorker.invokeTestMethods(TestMethodWorker.java:154)<br />
              org.testng.internal.invokers.TestMethodWorker.run(TestMethodWorker.java:134)<br />
              java.base/java.util.ArrayList.forEach(ArrayList.java:1511)<br />
              org.testng.TestRunner.privateRun(TestRunner.java:739)<br />
              org.testng.TestRunner.run(TestRunner.java:614)<br />
              org.testng.SuiteRunner.runTest(SuiteRunner.java:421)<br />
              org.testng.SuiteRunner.runSequentially(SuiteRunner.java:413)<br />
              org.testng.SuiteRunner.privateRun(SuiteRunner.java:373)<br />
              org.testng.SuiteRunner.run(SuiteRunner.java:312)<br />
              org.testng.SuiteRunnerWorker.runSuite(SuiteRunnerWorker.java:52)<br />
              org.testng.SuiteRunnerWorker.run(SuiteRunnerWorker.java:95)<br />
              org.testng.TestNG.runSuitesSequentially(TestNG.java:1274)<br />
              org.testng.TestNG.runSuitesLocally(TestNG.java:1208)<br />
              org.testng.TestNG.runSuites(TestNG.java:1112)<br />
              org.testng.TestNG.run(TestNG.java:1079)<br />
              com.intellij.rt.testng.IDEARemoteTestNG.run(IDEARemoteTestNG.java:65)<br />
              com.intellij.rt.testng.RemoteTestNGStarter.main(RemoteTestNGStarter.java:105)<br />
                </div>
      </td>
</tr>
          <tr>
        <td colspan="3" class="group">com.nopcommerce.demo.testsuite.RegisterPageTest</td>
      </tr>
            
<tr>
  <td class="method">
                  verifyThatUserShouldCreateAccountSuccessfully
      </td>
  <td class="duration">
    22.185s
  </td>
  <td class="result">
        
          <i>Method arguments: </i><span class="arguments">"Female", "Prime", "testing", "23", "2", "2001", "ptesting01@gmail.com", "prime123", "prime123"</span><br />
    
            <div class="testOutput">
                        Click on female radio button [[ChromeDriver: chrome on windows (8a651cf6267c7a81a5bf40738de8c1c3)] -&gt; id: gender-female]<br />
                                Enter first name Prime<br />
                                Enter last name testing<br />
                                Select date from dropdown [[ChromeDriver: chrome on windows (8a651cf6267c7a81a5bf40738de8c1c3)] -&gt; name: DateOfBirthDay]<br />
                                Select month from dropdown 2<br />
                                Select year from dropdown 2001<br />
                                Enter email ptesting01@gmail.com<br />
                                Enter password prime123<br />
                                Enter confirm password prime123<br />
                                Click on registration button [[ChromeDriver: chrome on windows (8a651cf6267c7a81a5bf40738de8c1c3)] -&gt; xpath: //button[@id=&apos;register-button&apos;]]<br />
                                Get reg success msg [[ChromeDriver: chrome on windows (8a651cf6267c7a81a5bf40738de8c1c3)] -&gt; xpath: //button[@id=&apos;register-button&apos;]]<br />
                  </div>
    

        <a href="javascript:toggleElement('exception-1', 'block')" title="Click to expand/collapse"><b>org.openqa.selenium.NoSuchElementException: no such element: Unable to locate element: {&quot;method&quot;:&quot;css selector&quot;,&quot;selector&quot;:&quot;.result&quot;}<br/>
&nbsp; (Session info: chrome=125.0.6422.142)<br/>
For documentation on this error, please visit: https://www.selenium.dev/documentation/webdriver/troubleshooting/errors#no-such-element-exception<br/>
Build info: version: &apos;4.21.0&apos;, revision: &apos;79ed462ef4&apos;<br/>
System info: os.name: &apos;Windows 11&apos;, os.arch: &apos;amd64&apos;, os.version: &apos;10.0&apos;, java.version: &apos;17.0.8&apos;<br/>
Driver info: org.openqa.selenium.chrome.ChromeDriver<br/>
Command: [8a651cf6267c7a81a5bf40738de8c1c3, findElement {using=class name, value=result}]<br/>
Capabilities {acceptInsecureCerts: false, browserName: chrome, browserVersion: 125.0.6422.142, chrome: {chromedriverVersion: 125.0.6422.141 (4b1e8393712..., userDataDir: C:\Users\visha\AppData\Loca...}, fedcm:accounts: true, goog:chromeOptions: {debuggerAddress: localhost:63762}, networkConnectionEnabled: false, pageLoadStrategy: normal, platformName: windows, proxy: Proxy(), se:cdp: ws://localhost:63762/devtoo..., se:cdpVersion: 125.0.6422.142, setWindowRect: true, strictFileInteractability: false, timeouts: {implicit: 0, pageLoad: 300000, script: 30000}, unhandledPromptBehavior: dismiss and notify, webauthn:extension:credBlob: true, webauthn:extension:largeBlob: true, webauthn:extension:minPinLength: true, webauthn:extension:prf: true, webauthn:virtualAuthenticators: true}<br/>
Session ID: 8a651cf6267c7a81a5bf40738de8c1c3</b></a><br />
    <div class="stackTrace" id="exception-1">
              java.base/jdk.internal.reflect.NativeConstructorAccessorImpl.newInstance0(Native Method)<br />
              java.base/jdk.internal.reflect.NativeConstructorAccessorImpl.newInstance(NativeConstructorAccessorImpl.java:77)<br />
              java.base/jdk.internal.reflect.DelegatingConstructorAccessorImpl.newInstance(DelegatingConstructorAccessorImpl.java:45)<br />
              java.base/java.lang.reflect.Constructor.newInstanceWithCaller(Constructor.java:499)<br />
              java.base/java.lang.reflect.Constructor.newInstance(Constructor.java:480)<br />
              org.openqa.selenium.remote.ErrorCodec.decode(ErrorCodec.java:167)<br />
              org.openqa.selenium.remote.codec.w3c.W3CHttpResponseCodec.decode(W3CHttpResponseCodec.java:138)<br />
              org.openqa.selenium.remote.codec.w3c.W3CHttpResponseCodec.decode(W3CHttpResponseCodec.java:50)<br />
              org.openqa.selenium.remote.HttpCommandExecutor.execute(HttpCommandExecutor.java:190)<br />
              org.openqa.selenium.remote.service.DriverCommandExecutor.invokeExecute(DriverCommandExecutor.java:216)<br />
              org.openqa.selenium.remote.service.DriverCommandExecutor.execute(DriverCommandExecutor.java:174)<br />
              org.openqa.selenium.remote.RemoteWebDriver.execute(RemoteWebDriver.java:518)<br />
              org.openqa.selenium.remote.ElementLocation$ElementFinder$2.findElement(ElementLocation.java:165)<br />
              org.openqa.selenium.remote.ElementLocation.findElement(ElementLocation.java:66)<br />
              org.openqa.selenium.remote.RemoteWebDriver.findElement(RemoteWebDriver.java:355)<br />
              org.openqa.selenium.remote.RemoteWebDriver.findElement(RemoteWebDriver.java:349)<br />
              org.openqa.selenium.support.pagefactory.DefaultElementLocator.findElement(DefaultElementLocator.java:68)<br />
              org.openqa.selenium.support.pagefactory.internal.LocatingElementHandler.invoke(LocatingElementHandler.java:38)<br />
              jdk.proxy2/jdk.proxy2.$Proxy14.getText(Unknown Source)<br />
              com.nopcommerce.demo.utility.Utility.getTextFromElement(Utility.java:64)<br />
              com.nopcommerce.demo.pages.RegisterPage.getRegistrationSuccessMsg(RegisterPage.java:204)<br />
              com.nopcommerce.demo.testsuite.RegisterPageTest.verifyThatUserShouldCreateAccountSuccessfully(RegisterPageTest.java:73)<br />
              java.base/jdk.internal.reflect.NativeMethodAccessorImpl.invoke0(Native Method)<br />
              java.base/jdk.internal.reflect.NativeMethodAccessorImpl.invoke(NativeMethodAccessorImpl.java:77)<br />
              java.base/jdk.internal.reflect.DelegatingMethodAccessorImpl.invoke(DelegatingMethodAccessorImpl.java:43)<br />
              java.base/java.lang.reflect.Method.invoke(Method.java:568)<br />
              org.testng.internal.invokers.MethodInvocationHelper.invokeMethod(MethodInvocationHelper.java:141)<br />
              org.testng.internal.invokers.TestInvoker.invokeMethod(TestInvoker.java:686)<br />
              org.testng.internal.invokers.TestInvoker.invokeTestMethod(TestInvoker.java:230)<br />
              org.testng.internal.invokers.MethodRunner.runInSequence(MethodRunner.java:63)<br />
              org.testng.internal.invokers.TestInvoker$MethodInvocationAgent.invoke(TestInvoker.java:992)<br />
              org.testng.internal.invokers.TestInvoker.invokeTestMethods(TestInvoker.java:203)<br />
              org.testng.internal.invokers.TestMethodWorker.invokeTestMethods(TestMethodWorker.java:154)<br />
              org.testng.internal.invokers.TestMethodWorker.run(TestMethodWorker.java:134)<br />
              java.base/java.util.ArrayList.forEach(ArrayList.java:1511)<br />
              org.testng.TestRunner.privateRun(TestRunner.java:739)<br />
              org.testng.TestRunner.run(TestRunner.java:614)<br />
              org.testng.SuiteRunner.runTest(SuiteRunner.java:421)<br />
              org.testng.SuiteRunner.runSequentially(SuiteRunner.java:413)<br />
              org.testng.SuiteRunner.privateRun(SuiteRunner.java:373)<br />
              org.testng.SuiteRunner.run(SuiteRunner.java:312)<br />
              org.testng.SuiteRunnerWorker.runSuite(SuiteRunnerWorker.java:52)<br />
              org.testng.SuiteRunnerWorker.run(SuiteRunnerWorker.java:95)<br />
              org.testng.TestNG.runSuitesSequentially(TestNG.java:1274)<br />
              org.testng.TestNG.runSuitesLocally(TestNG.java:1208)<br />
              org.testng.TestNG.runSuites(TestNG.java:1112)<br />
              org.testng.TestNG.run(TestNG.java:1079)<br />
              com.intellij.rt.testng.IDEARemoteTestNG.run(IDEARemoteTestNG.java:65)<br />
              com.intellij.rt.testng.RemoteTestNGStarter.main(RemoteTestNGStarter.java:105)<br />
                </div>
      </td>
</tr>
      </table>


  <table class="resultsTable">
    <tr><th colspan="3" class="header passed">Passed Tests</th></tr>
          <tr>
        <td colspan="3" class="group">com.nopcommerce.demo.testsuite.ComputerPageTest</td>
      </tr>
            
<tr>
  <td class="method">
                  verifyThatUserShouldBuildYouOwnComputerAndAddThemToCartSuccessfully
      </td>
  <td class="duration">
    2.367s
  </td>
  <td class="result">
        
          <i>Method arguments: </i><span class="arguments">"2.5 GHz Intel Pentium Dual-Core E2200 [+$15.00]", "8GB [+$60.00]", "320 GB", "Vista Home [+$50.00]", "Total Commander [+$5.00]"</span><br />
    
            <div class="testOutput">
                        CLicking on desktop link [[ChromeDriver: chrome on windows (eaa9c1a12741c9281b7ca3017a8b22c5)] -&gt; xpath: //a[@title=&apos;Show products in category Desktops&apos;][normalize-space()=&apos;Desktops&apos;]]<br />
                                Select [[ChromeDriver: chrome on windows (eaa9c1a12741c9281b7ca3017a8b22c5)] -&gt; id: product_attribute_1]<br />
                                Select [[ChromeDriver: chrome on windows (eaa9c1a12741c9281b7ca3017a8b22c5)] -&gt; id: product_attribute_2]<br />
                                Select [[[ChromeDriver: chrome on windows (eaa9c1a12741c9281b7ca3017a8b22c5)] -&gt; name: product_attribute_3], [[ChromeDriver: chrome on windows (eaa9c1a12741c9281b7ca3017a8b22c5)] -&gt; name: product_attribute_3]]<br />
                                Select [[[ChromeDriver: chrome on windows (eaa9c1a12741c9281b7ca3017a8b22c5)] -&gt; name: product_attribute_4], [[ChromeDriver: chrome on windows (eaa9c1a12741c9281b7ca3017a8b22c5)] -&gt; name: product_attribute_4]]<br />
                                Select [[[ChromeDriver: chrome on windows (eaa9c1a12741c9281b7ca3017a8b22c5)] -&gt; xpath: //dd[@id=&apos;product_attribute_input_5&apos;]//input], [[ChromeDriver: chrome on windows (eaa9c1a12741c9281b7ca3017a8b22c5)] -&gt; xpath: //dd[@id=&apos;product_attribute_input_5&apos;]//input], [[ChromeDriver: chrome on windows (eaa9c1a12741c9281b7ca3017a8b22c5)] -&gt; xpath: //dd[@id=&apos;product_attribute_input_5&apos;]//input]]<br />
                                Click on [[ChromeDriver: chrome on windows (eaa9c1a12741c9281b7ca3017a8b22c5)] -&gt; id: add-to-cart-button-1]<br />
                  </div>
    

      </td>
</tr>
<tr>
  <td class="method">
                  verifyThatUserShouldBuildYouOwnComputerAndAddThemToCartSuccessfully
      </td>
  <td class="duration">
    2.361s
  </td>
  <td class="result">
        
          <i>Method arguments: </i><span class="arguments">"2.5 GHz Intel Pentium Dual-Core E2200 [+$15.00]", "4GB [+$20.00]", "400 GB [+$100.00]", "Vista Premium [+$60.00]", "Acrobat Reader [+$10.00]"</span><br />
    
            <div class="testOutput">
                        CLicking on desktop link [[ChromeDriver: chrome on windows (24ba4796ea234b577878c93e83de2cfd)] -&gt; xpath: //a[@title=&apos;Show products in category Desktops&apos;][normalize-space()=&apos;Desktops&apos;]]<br />
                                Select [[ChromeDriver: chrome on windows (24ba4796ea234b577878c93e83de2cfd)] -&gt; id: product_attribute_1]<br />
                                Select [[ChromeDriver: chrome on windows (24ba4796ea234b577878c93e83de2cfd)] -&gt; id: product_attribute_2]<br />
                                Select [[[ChromeDriver: chrome on windows (24ba4796ea234b577878c93e83de2cfd)] -&gt; name: product_attribute_3], [[ChromeDriver: chrome on windows (24ba4796ea234b577878c93e83de2cfd)] -&gt; name: product_attribute_3]]<br />
                                Select [[[ChromeDriver: chrome on windows (24ba4796ea234b577878c93e83de2cfd)] -&gt; name: product_attribute_4], [[ChromeDriver: chrome on windows (24ba4796ea234b577878c93e83de2cfd)] -&gt; name: product_attribute_4]]<br />
                                Select [[[ChromeDriver: chrome on windows (24ba4796ea234b577878c93e83de2cfd)] -&gt; xpath: //dd[@id=&apos;product_attribute_input_5&apos;]//input], [[ChromeDriver: chrome on windows (24ba4796ea234b577878c93e83de2cfd)] -&gt; xpath: //dd[@id=&apos;product_attribute_input_5&apos;]//input], [[ChromeDriver: chrome on windows (24ba4796ea234b577878c93e83de2cfd)] -&gt; xpath: //dd[@id=&apos;product_attribute_input_5&apos;]//input]]<br />
                                Click on [[ChromeDriver: chrome on windows (24ba4796ea234b577878c93e83de2cfd)] -&gt; id: add-to-cart-button-1]<br />
                  </div>
    

      </td>
</tr>
<tr>
  <td class="method">
                  verifyThatUserShouldBuildYouOwnComputerAndAddThemToCartSuccessfully
      </td>
  <td class="duration">
    4.442s
  </td>
  <td class="result">
        
          <i>Method arguments: </i><span class="arguments">"2.2 GHz Intel Pentium Dual-Core E2200", "2 GB", "320 GB", "Vista Home [+$50.00]", "Microsoft Office [+$50.00]"</span><br />
    
            <div class="testOutput">
                        CLicking on desktop link [[ChromeDriver: chrome on windows (2c784d6d67800eab3ddf15edef0c72a8)] -&gt; xpath: //a[@title=&apos;Show products in category Desktops&apos;][normalize-space()=&apos;Desktops&apos;]]<br />
                                Select [[ChromeDriver: chrome on windows (2c784d6d67800eab3ddf15edef0c72a8)] -&gt; id: product_attribute_1]<br />
                                Select [[ChromeDriver: chrome on windows (2c784d6d67800eab3ddf15edef0c72a8)] -&gt; id: product_attribute_2]<br />
                                Select [[[ChromeDriver: chrome on windows (2c784d6d67800eab3ddf15edef0c72a8)] -&gt; name: product_attribute_3], [[ChromeDriver: chrome on windows (2c784d6d67800eab3ddf15edef0c72a8)] -&gt; name: product_attribute_3]]<br />
                                Select [[[ChromeDriver: chrome on windows (2c784d6d67800eab3ddf15edef0c72a8)] -&gt; name: product_attribute_4], [[ChromeDriver: chrome on windows (2c784d6d67800eab3ddf15edef0c72a8)] -&gt; name: product_attribute_4]]<br />
                                Select [[[ChromeDriver: chrome on windows (2c784d6d67800eab3ddf15edef0c72a8)] -&gt; xpath: //dd[@id=&apos;product_attribute_input_5&apos;]//input], [[ChromeDriver: chrome on windows (2c784d6d67800eab3ddf15edef0c72a8)] -&gt; xpath: //dd[@id=&apos;product_attribute_input_5&apos;]//input], [[ChromeDriver: chrome on windows (2c784d6d67800eab3ddf15edef0c72a8)] -&gt; xpath: //dd[@id=&apos;product_attribute_input_5&apos;]//input]]<br />
                                Click on [[ChromeDriver: chrome on windows (2c784d6d67800eab3ddf15edef0c72a8)] -&gt; id: add-to-cart-button-1]<br />
                  </div>
    

      </td>
</tr>
<tr>
  <td class="method">
                  verifyUserShouldNavigateToDesktopsPageSuccessfully
      </td>
  <td class="duration">
    1.301s
  </td>
  <td class="result">
        
    
            <div class="testOutput">
                        CLicking on desktop link [[ChromeDriver: chrome on windows (61d20e6cea291b40645582b5809b45e7)] -&gt; xpath: //a[@title=&apos;Show products in category Desktops&apos;][normalize-space()=&apos;Desktops&apos;]]<br />
                                Getting desktop title [[ChromeDriver: chrome on windows (61d20e6cea291b40645582b5809b45e7)] -&gt; xpath: //h1[normalize-space()=&apos;Desktops&apos;]]<br />
                  </div>
    

      </td>
</tr>
          <tr>
        <td colspan="3" class="group">com.nopcommerce.demo.testsuite.LoginPageTest</td>
      </tr>
            
<tr>
  <td class="method">
                  userShouldNavigateToLoginPageSuccessFully
      </td>
  <td class="duration">
    0.672s
  </td>
  <td class="result">
        
    
            <div class="testOutput">
                        Click on loginButton [[ChromeDriver: chrome on windows (04c16b6bc702dde4a7642511a8c151e9)] -&gt; xpath: //a[normalize-space()=&apos;Log in&apos;]]<br />
                                Get welcome message [[ChromeDriver: chrome on windows (04c16b6bc702dde4a7642511a8c151e9)] -&gt; xpath: //h1[contains(text(),&apos;Welcome, Please Sign In!&apos;)]]<br />
                  </div>
    

      </td>
</tr>
<tr>
  <td class="method">
                  verifyTheErrorMessageWithInValidCredentials
      </td>
  <td class="duration">
    1.256s
  </td>
  <td class="result">
        
          <i>Method arguments: </i><span class="arguments">"test1@gmail.com", "test123"</span><br />
    
            <div class="testOutput">
                        Click on loginButton [[ChromeDriver: chrome on windows (c1153387d00fb737b8381505546b69fa)] -&gt; xpath: //a[normalize-space()=&apos;Log in&apos;]]<br />
                                Enter EmailId test1@gmail.com<br />
                                Enter Password test123<br />
                                Click on login [[ChromeDriver: chrome on windows (c1153387d00fb737b8381505546b69fa)] -&gt; xpath: //button[contains(text(),&apos;Log in&apos;)]]<br />
                                Get error message [[ChromeDriver: chrome on windows (c1153387d00fb737b8381505546b69fa)] -&gt; xpath: //div[@class=&apos;message-error validation-summary-errors&apos;]]<br />
                  </div>
    

      </td>
</tr>
          <tr>
        <td colspan="3" class="group">com.nopcommerce.demo.testsuite.RegisterPageTest</td>
      </tr>
            
<tr>
  <td class="method">
                  verifyThatFirstNameLastNameEmailPasswordAndConfirmPasswordFieldsAreMandatory
      </td>
  <td class="duration">
    1.312s
  </td>
  <td class="result">
        
    
            <div class="testOutput">
                        Click on registration button [[ChromeDriver: chrome on windows (9165910f5eba7a3a5867949cb098529b)] -&gt; xpath: //button[@id=&apos;register-button&apos;]]<br />
                                Get First Name Error [[ChromeDriver: chrome on windows (9165910f5eba7a3a5867949cb098529b)] -&gt; id: FirstName-error]<br />
                                Get Last Name Error [[ChromeDriver: chrome on windows (9165910f5eba7a3a5867949cb098529b)] -&gt; id: LastName-error]<br />
                                Get email error [[ChromeDriver: chrome on windows (9165910f5eba7a3a5867949cb098529b)] -&gt; id: Email-error]<br />
                                Get confirm password error [[ChromeDriver: chrome on windows (9165910f5eba7a3a5867949cb098529b)] -&gt; id: ConfirmPassword-error]<br />
                  </div>
    

      </td>
</tr>
<tr>
  <td class="method">
                  verifyUserShouldNavigateToRegisterPageSuccessfully
      </td>
  <td class="duration">
    0.811s
  </td>
  <td class="result">
        
    
            <div class="testOutput">
                        Get registration heading [[ChromeDriver: chrome on windows (665c82111e986682d64b3bfaccab78c1)] -&gt; xpath: //h1[normalize-space()=&apos;Register&apos;]]<br />
                  </div>
    

      </td>
</tr>
      </table>
  
</body>
</html>
